<?xml version="1.0" encoding="UTF-8"?>
<!-- Generated by org.testng.reporters.JUnitReportReporter -->
<testsuite hostname="LAPTOP-90E9IVHD" failures="0" tests="1" name="OrganizationTest.ToCreateOrg2Test" time="21.115" errors="0" timestamp="2025-03-27T18:45:40 IST" skipped="0">
  <testcase classname="OrganizationTest.ToCreateOrg2Test" name="toCreateOrg_001" time="21.115">
    <system-out>
      <![CDATA[Organization created successfully]]>
    </system-out>
  </testcase> <!-- toCreateOrg_001 -->
  <system-out>
    <![CDATA[---Database Connection Established---
Browser got Launched Sucessfully
Navigated to Vtiger HomePage Sucessfully
Organization created successfully
Logged out Successfully
Browser got closed Successfully
---Database Disconnected Sucessfully---]]>
  </system-out>
</testsuite> <!-- OrganizationTest.ToCreateOrg2Test -->
