<?xml version="1.0" encoding="UTF-8"?>
<!-- Generated by org.testng.reporters.JUnitReportReporter -->
<testsuite hostname="LAPTOP-90E9IVHD" failures="0" tests="1" name="practice.ToLearnAssertion" time="0.049" errors="0" timestamp="2025-03-22T09:05:35 IST" skipped="0">
  <testcase classname="practice.ToLearnAssertion" name="sample" time="0.049"/>
</testsuite> <!-- practice.ToLearnAssertion -->
