<?xml version="1.0" encoding="UTF-8"?>
<!-- Generated by org.testng.reporters.JUnitReportReporter -->
<testsuite hostname="LAPTOP-90E9IVHD" failures="0" tests="2" name="contactTest.ToCreateContactWithOrg5Test" time="22.671" errors="0" timestamp="2025-03-24T21:34:03 IST" skipped="0">
  <testcase classname="contactTest.ToCreateContactWithOrg5Test" name="toCreateContactWithOrg_002" time="11.543">
    <system-out>
      <![CDATA[Contact Created with organization succssfully]]>
    </system-out>
  </testcase> <!-- toCreateContactWithOrg_002 -->
  <testcase classname="contactTest.ToCreateContactWithOrg5Test" name="toCreateContactWithOrg_002" time="11.128">
    <system-out>
      <![CDATA[Contact Created with organization succssfully]]>
    </system-out>
  </testcase> <!-- toCreateContactWithOrg_002 -->
  <system-out>
    <![CDATA[---Database Connection Established---
Browser got Launched Sucessfully
Browser got Launched Sucessfully
Navigated to Vtiger HomePage Sucessfully
Navigated to Vtiger HomePage Sucessfully
Contact Created successfully
Contact Created successfully
Logged out Successfully
Logged out Successfully
Browser got closed Successfully
Browser got closed Successfully
Browser got Launched Sucessfully
Browser got Launched Sucessfully
Navigated to Vtiger HomePage Sucessfully
Navigated to Vtiger HomePage Sucessfully
Organization created successfully
Organization created successfully
Logged out Successfully
Browser got closed Successfully
Logged out Successfully
Browser got closed Successfully
Browser got Launched Sucessfully
Browser got Launched Sucessfully
Navigated to Vtiger HomePage Sucessfully
Navigated to Vtiger HomePage Sucessfully
Contact Organization with industry dropdown successfully
Contact Organization with industry dropdown successfully
Logged out Successfully
Browser got closed Successfully
Logged out Successfully
Browser got closed Successfully
Browser got Launched Sucessfully
Browser got Launched Sucessfully
Navigated to Vtiger HomePage Sucessfully
Navigated to Vtiger HomePage Sucessfully
Organization created with type dropdown successfully
Organization created with type dropdown successfully
Logged out Successfully
Browser got closed Successfully
Logged out Successfully
Browser got closed Successfully
Browser got Launched Sucessfully
Browser got Launched Sucessfully
Navigated to Vtiger HomePage Sucessfully
Navigated to Vtiger HomePage Sucessfully
Contact Created with organization succssfully
Contact Created with organization succssfully
Logged out Successfully
Browser got closed Successfully
Logged out Successfully
Browser got closed Successfully
---Database Disconnected Sucessfully---]]>
  </system-out>
</testsuite> <!-- contactTest.ToCreateContactWithOrg5Test -->
