<?xml version="1.0" encoding="UTF-8"?>
<!-- Generated by org.testng.reporters.JUnitReportReporter -->
<testsuite hostname="LAPTOP-90E9IVHD" failures="0" tests="1" name="OrganizationTest.ToCreateOrgTest" time="20.818" errors="0" timestamp="2025-02-09T10:16:55 IST" skipped="0">
  <testcase classname="OrganizationTest.ToCreateOrgTest" name="toCreateOrg_003" time="20.818"/>
  <system-out>
    <![CDATA[Organization info captured]]>
  </system-out>
</testsuite> <!-- OrganizationTest.ToCreateOrgTest -->
