<?xml version="1.0" encoding="UTF-8"?>
<!-- Generated by org.testng.reporters.JUnitReportReporter -->
<testsuite hostname="LAPTOP-90E9IVHD" failures="0" tests="1" name="contactTest.ToCreateContactTest" time="21.845" errors="0" timestamp="2025-03-21T09:12:52 IST" skipped="0">
  <testcase classname="contactTest.ToCreateContactTest" name="toCreateContact_001" time="21.845"/>
  <system-out>
    <![CDATA[---Database Connection Established---
Browser got Launched Sucessfully
Navigated to Vtiger HomePage Sucessfully
Logged out Successfully
Browser got closed Successfully
---Database Disconnected Sucessfully---]]>
  </system-out>
</testsuite> <!-- contactTest.ToCreateContactTest -->
